2026-02-03T00:51:04.964+05:30  INFO 9012 --- [demo] [SpringApplicationShutdownHook] o.s.boot.tomcat.GracefulShutdown         : Commencing graceful shutdown. Waiting for active requests to complete
2026-02-03T00:51:05.002+05:30  INFO 9012 --- [demo] [tomcat-shutdown] o.s.boot.tomcat.GracefulShutdown         : Graceful shutdown complete
2026-02-03T00:51:05.037+05:30  INFO 9012 --- [demo] [SpringApplicationShutdownHook] j.LocalContainerEntityManagerFactoryBean : Closing JPA EntityManagerFactory for persistence unit 'default'
2026-02-03T00:51:05.042+05:30  INFO 9012 --- [demo] [SpringApplicationShutdownHook] com.zaxxer.hikari.HikariDataSource       : HikariPool-1 - Shutdown initiated...
2026-02-03T00:51:05.067+05:30  INFO 9012 --- [demo] [SpringApplicationShutdownHook] com.zaxxer.hikari.HikariDataSource       : HikariPool-1 - Shutdown completed.
2026-02-03T00:51:16.025+05:30  INFO 3424 --- [demo] [main] com.example.demo.DemoApplication         : Starting DemoApplication using Java 21.0.9 with PID 3424 (C:\Users\WELCOME\IdeaProjects\Spring Security\demo\target\classes started by WELCOME in C:\Users\WELCOME\IdeaProjects\Spring Security\demo)
2026-02-03T00:51:16.030+05:30 DEBUG 3424 --- [demo] [main] com.example.demo.DemoApplication         : Running with Spring Boot v4.0.1, Spring v7.0.2
2026-02-03T00:51:16.031+05:30  INFO 3424 --- [demo] [main] com.example.demo.DemoApplication         : No active profile set, falling back to 1 default profile: "default"
2026-02-03T00:51:17.360+05:30  INFO 3424 --- [demo] [main] .s.d.r.c.RepositoryConfigurationDelegate : Bootstrapping Spring Data JPA repositories in DEFAULT mode.
2026-02-03T00:51:17.464+05:30  INFO 3424 --- [demo] [main] .s.d.r.c.RepositoryConfigurationDelegate : Finished Spring Data repository scanning in 90 ms. Found 1 JPA repository interface.
2026-02-03T00:51:19.112+05:30  INFO 3424 --- [demo] [main] o.s.boot.tomcat.TomcatWebServer          : Tomcat initialized with port 8082 (http)
2026-02-03T00:51:19.136+05:30  INFO 3424 --- [demo] [main] o.apache.catalina.core.StandardService   : Starting service [Tomcat]
2026-02-03T00:51:19.137+05:30  INFO 3424 --- [demo] [main] o.apache.catalina.core.StandardEngine    : Starting Servlet engine: [Apache Tomcat/11.0.15]
2026-02-03T00:51:19.241+05:30  INFO 3424 --- [demo] [main] b.w.c.s.WebApplicationContextInitializer : Root WebApplicationContext: initialization completed in 3116 ms
2026-02-03T00:51:19.349+05:30 DEBUG 3424 --- [demo] [main] c.e.demo.HelperClass.JwtAuthFilter       : Filter 'jwtAuthFilter' configured for use
2026-02-03T00:51:19.548+05:30  INFO 3424 --- [demo] [main] org.hibernate.orm.jpa                    : HHH008540: Processing PersistenceUnitInfo [name: default]
2026-02-03T00:51:19.753+05:30  INFO 3424 --- [demo] [main] org.hibernate.orm.core                   : HHH000001: Hibernate ORM core version 7.2.0.Final
2026-02-03T00:51:20.625+05:30  INFO 3424 --- [demo] [main] o.s.o.j.p.SpringPersistenceUnitInfo      : No LoadTimeWeaver setup: ignoring JPA class transformer
2026-02-03T00:51:20.692+05:30  INFO 3424 --- [demo] [main] com.zaxxer.hikari.HikariDataSource       : HikariPool-1 - Starting...
2026-02-03T00:51:21.012+05:30  INFO 3424 --- [demo] [main] com.zaxxer.hikari.pool.HikariPool        : HikariPool-1 - Added connection org.postgresql.jdbc.PgConnection@6ad112de
2026-02-03T00:51:21.015+05:30  INFO 3424 --- [demo] [main] com.zaxxer.hikari.HikariDataSource       : HikariPool-1 - Start completed.
2026-02-03T00:51:21.138+05:30  WARN 3424 --- [demo] [main] org.hibernate.orm.deprecation            : HHH90000025: PostgreSQLDialect does not need to be specified explicitly using 'hibernate.dialect' (remove the property setting and it will be selected by default)
2026-02-03T00:51:21.177+05:30  INFO 3424 --- [demo] [main] org.hibernate.orm.connections.pooling    : HHH10001005: Database info:
	Database JDBC URL [jdbc:postgresql://localhost:5432/postgres]
	Database driver: PostgreSQL JDBC Driver
	Database dialect: PostgreSQLDialect
	Database version: 18.1
	Default catalog/schema: postgres/public
	Autocommit mode: undefined/unknown
	Isolation level: READ_COMMITTED [default READ_COMMITTED]
	JDBC fetch size: none
	Pool: DataSourceConnectionProvider
	Minimum pool size: undefined/unknown
	Maximum pool size: undefined/unknown
2026-02-03T00:51:23.016+05:30  INFO 3424 --- [demo] [main] org.hibernate.orm.core                   : HHH000489: No JTA platform available (set 'hibernate.transaction.jta.platform' to enable JTA platform integration)
2026-02-03T00:51:23.088+05:30  INFO 3424 --- [demo] [main] j.LocalContainerEntityManagerFactoryBean : Initialized JPA EntityManagerFactory for persistence unit 'default'
2026-02-03T00:51:23.243+05:30  INFO 3424 --- [demo] [main] o.s.d.j.r.query.QueryEnhancerFactories   : Hibernate is in classpath; If applicable, HQL parser will be used.
2026-02-03T00:51:23.483+05:30  WARN 3424 --- [demo] [main] r$InitializeUserDetailsManagerConfigurer : Found 2 UserDetailsService beans, with names [customerUserDetailsServiceImpl, userDetailsService]. Global Authentication Manager will not use a UserDetailsService for username/password login. Consider publishing a single UserDetailsService bean.
2026-02-03T00:51:23.593+05:30  WARN 3424 --- [demo] [main] JpaBaseConfiguration$JpaWebConfiguration : spring.jpa.open-in-view is enabled by default. Therefore, database queries may be performed during view rendering. Explicitly configure spring.jpa.open-in-view to disable this warning
2026-02-03T00:51:24.345+05:30  INFO 3424 --- [demo] [main] o.s.boot.tomcat.TomcatWebServer          : Tomcat started on port 8082 (http) with context path '/'
2026-02-03T00:51:24.350+05:30  INFO 3424 --- [demo] [main] com.example.demo.DemoApplication         : Started DemoApplication in 9.286 seconds (process running for 10.422)
2026-02-03T00:51:41.428+05:30  INFO 3424 --- [demo] [http-nio-8082-exec-1] o.a.c.c.C.[Tomcat].[localhost].[/]       : Initializing Spring DispatcherServlet 'dispatcherServlet'
2026-02-03T00:51:41.428+05:30  INFO 3424 --- [demo] [http-nio-8082-exec-1] o.s.web.servlet.DispatcherServlet        : Initializing Servlet 'dispatcherServlet'
2026-02-03T00:51:41.431+05:30  INFO 3424 --- [demo] [http-nio-8082-exec-1] o.s.web.servlet.DispatcherServlet        : Completed initialization in 2 ms
2026-02-03T00:53:14.718+05:30  INFO 3424 --- [demo] [http-nio-8082-exec-7] c.e.demo.controller.MainController       : Controller class
2026-02-03T00:53:39.081+05:30  INFO 3424 --- [demo] [SpringApplicationShutdownHook] o.s.boot.tomcat.GracefulShutdown         : Commencing graceful shutdown. Waiting for active requests to complete
2026-02-03T00:53:39.091+05:30  INFO 3424 --- [demo] [tomcat-shutdown] o.s.boot.tomcat.GracefulShutdown         : Graceful shutdown complete
2026-02-03T00:53:39.097+05:30  INFO 3424 --- [demo] [SpringApplicationShutdownHook] j.LocalContainerEntityManagerFactoryBean : Closing JPA EntityManagerFactory for persistence unit 'default'
2026-02-03T00:53:39.101+05:30  INFO 3424 --- [demo] [SpringApplicationShutdownHook] com.zaxxer.hikari.HikariDataSource       : HikariPool-1 - Shutdown initiated...
2026-02-03T00:53:39.119+05:30  INFO 3424 --- [demo] [SpringApplicationShutdownHook] com.zaxxer.hikari.HikariDataSource       : HikariPool-1 - Shutdown completed.
2026-02-03T00:53:45.708+05:30  INFO 9520 --- [demo] [main] com.example.demo.DemoApplication         : Starting DemoApplication using Java 21.0.9 with PID 9520 (C:\Users\WELCOME\IdeaProjects\Spring Security\demo\target\classes started by WELCOME in C:\Users\WELCOME\IdeaProjects\Spring Security\demo)
2026-02-03T00:53:45.713+05:30 DEBUG 9520 --- [demo] [main] com.example.demo.DemoApplication         : Running with Spring Boot v4.0.1, Spring v7.0.2
2026-02-03T00:53:45.714+05:30  INFO 9520 --- [demo] [main] com.example.demo.DemoApplication         : No active profile set, falling back to 1 default profile: "default"
2026-02-03T00:53:46.948+05:30  INFO 9520 --- [demo] [main] .s.d.r.c.RepositoryConfigurationDelegate : Bootstrapping Spring Data JPA repositories in DEFAULT mode.
2026-02-03T00:53:47.082+05:30  INFO 9520 --- [demo] [main] .s.d.r.c.RepositoryConfigurationDelegate : Finished Spring Data repository scanning in 117 ms. Found 1 JPA repository interface.
2026-02-03T00:53:48.168+05:30  INFO 9520 --- [demo] [main] o.s.boot.tomcat.TomcatWebServer          : Tomcat initialized with port 8082 (http)
2026-02-03T00:53:48.192+05:30  INFO 9520 --- [demo] [main] o.apache.catalina.core.StandardService   : Starting service [Tomcat]
2026-02-03T00:53:48.192+05:30  INFO 9520 --- [demo] [main] o.apache.catalina.core.StandardEngine    : Starting Servlet engine: [Apache Tomcat/11.0.15]
2026-02-03T00:53:48.270+05:30  INFO 9520 --- [demo] [main] b.w.c.s.WebApplicationContextInitializer : Root WebApplicationContext: initialization completed in 2462 ms
2026-02-03T00:53:48.359+05:30 DEBUG 9520 --- [demo] [main] c.e.demo.HelperClass.JwtAuthFilter       : Filter 'jwtAuthFilter' configured for use
2026-02-03T00:53:48.573+05:30  INFO 9520 --- [demo] [main] org.hibernate.orm.jpa                    : HHH008540: Processing PersistenceUnitInfo [name: default]
2026-02-03T00:53:48.651+05:30  INFO 9520 --- [demo] [main] org.hibernate.orm.core                   : HHH000001: Hibernate ORM core version 7.2.0.Final
2026-02-03T00:53:49.319+05:30  INFO 9520 --- [demo] [main] o.s.o.j.p.SpringPersistenceUnitInfo      : No LoadTimeWeaver setup: ignoring JPA class transformer
2026-02-03T00:53:49.359+05:30  INFO 9520 --- [demo] [main] com.zaxxer.hikari.HikariDataSource       : HikariPool-1 - Starting...
2026-02-03T00:53:49.553+05:30  INFO 9520 --- [demo] [main] com.zaxxer.hikari.pool.HikariPool        : HikariPool-1 - Added connection org.postgresql.jdbc.PgConnection@6ad112de
2026-02-03T00:53:49.556+05:30  INFO 9520 --- [demo] [main] com.zaxxer.hikari.HikariDataSource       : HikariPool-1 - Start completed.
2026-02-03T00:53:49.597+05:30  WARN 9520 --- [demo] [main] org.hibernate.orm.deprecation            : HHH90000025: PostgreSQLDialect does not need to be specified explicitly using 'hibernate.dialect' (remove the property setting and it will be selected by default)
2026-02-03T00:53:49.627+05:30  INFO 9520 --- [demo] [main] org.hibernate.orm.connections.pooling    : HHH10001005: Database info:
	Database JDBC URL [jdbc:postgresql://localhost:5432/postgres]
	Database driver: PostgreSQL JDBC Driver
	Database dialect: PostgreSQLDialect
	Database version: 18.1
	Default catalog/schema: postgres/public
	Autocommit mode: undefined/unknown
	Isolation level: READ_COMMITTED [default READ_COMMITTED]
	JDBC fetch size: none
	Pool: DataSourceConnectionProvider
	Minimum pool size: undefined/unknown
	Maximum pool size: undefined/unknown
2026-02-03T00:53:51.229+05:30  INFO 9520 --- [demo] [main] org.hibernate.orm.core                   : HHH000489: No JTA platform available (set 'hibernate.transaction.jta.platform' to enable JTA platform integration)
2026-02-03T00:53:51.298+05:30  INFO 9520 --- [demo] [main] j.LocalContainerEntityManagerFactoryBean : Initialized JPA EntityManagerFactory for persistence unit 'default'
2026-02-03T00:53:51.454+05:30  INFO 9520 --- [demo] [main] o.s.d.j.r.query.QueryEnhancerFactories   : Hibernate is in classpath; If applicable, HQL parser will be used.
2026-02-03T00:53:51.748+05:30  WARN 9520 --- [demo] [main] r$InitializeUserDetailsManagerConfigurer : Found 2 UserDetailsService beans, with names [customerUserDetailsServiceImpl, userDetailsService]. Global Authentication Manager will not use a UserDetailsService for username/password login. Consider publishing a single UserDetailsService bean.
2026-02-03T00:53:51.846+05:30  WARN 9520 --- [demo] [main] JpaBaseConfiguration$JpaWebConfiguration : spring.jpa.open-in-view is enabled by default. Therefore, database queries may be performed during view rendering. Explicitly configure spring.jpa.open-in-view to disable this warning
2026-02-03T00:53:52.639+05:30  INFO 9520 --- [demo] [main] o.s.boot.tomcat.TomcatWebServer          : Tomcat started on port 8082 (http) with context path '/'
2026-02-03T00:53:52.647+05:30  INFO 9520 --- [demo] [main] com.example.demo.DemoApplication         : Started DemoApplication in 7.732 seconds (process running for 8.649)
2026-02-03T00:54:03.835+05:30  INFO 9520 --- [demo] [http-nio-8082-exec-1] o.a.c.c.C.[Tomcat].[localhost].[/]       : Initializing Spring DispatcherServlet 'dispatcherServlet'
2026-02-03T00:54:03.836+05:30  INFO 9520 --- [demo] [http-nio-8082-exec-1] o.s.web.servlet.DispatcherServlet        : Initializing Servlet 'dispatcherServlet'
2026-02-03T00:54:03.838+05:30  INFO 9520 --- [demo] [http-nio-8082-exec-1] o.s.web.servlet.DispatcherServlet        : Completed initialization in 2 ms
2026-02-03T01:14:29.588+05:30  INFO 9520 --- [demo] [SpringApplicationShutdownHook] o.s.boot.tomcat.GracefulShutdown         : Commencing graceful shutdown. Waiting for active requests to complete
2026-02-03T01:14:29.594+05:30  INFO 9520 --- [demo] [tomcat-shutdown] o.s.boot.tomcat.GracefulShutdown         : Graceful shutdown complete
2026-02-03T01:14:29.613+05:30  INFO 9520 --- [demo] [SpringApplicationShutdownHook] j.LocalContainerEntityManagerFactoryBean : Closing JPA EntityManagerFactory for persistence unit 'default'
2026-02-03T01:14:29.617+05:30  INFO 9520 --- [demo] [SpringApplicationShutdownHook] com.zaxxer.hikari.HikariDataSource       : HikariPool-1 - Shutdown initiated...
2026-02-03T01:14:29.646+05:30  INFO 9520 --- [demo] [SpringApplicationShutdownHook] com.zaxxer.hikari.HikariDataSource       : HikariPool-1 - Shutdown completed.
2026-02-03T01:14:39.586+05:30  INFO 11320 --- [demo] [main] com.example.demo.DemoApplication         : Starting DemoApplication using Java 21.0.9 with PID 11320 (C:\Users\WELCOME\IdeaProjects\Spring Security\demo\target\classes started by WELCOME in C:\Users\WELCOME\IdeaProjects\Spring Security\demo)
2026-02-03T01:14:39.591+05:30 DEBUG 11320 --- [demo] [main] com.example.demo.DemoApplication         : Running with Spring Boot v4.0.1, Spring v7.0.2
2026-02-03T01:14:39.593+05:30  INFO 11320 --- [demo] [main] com.example.demo.DemoApplication         : No active profile set, falling back to 1 default profile: "default"
2026-02-03T01:14:40.698+05:30  INFO 11320 --- [demo] [main] .s.d.r.c.RepositoryConfigurationDelegate : Bootstrapping Spring Data JPA repositories in DEFAULT mode.
2026-02-03T01:14:40.804+05:30  INFO 11320 --- [demo] [main] .s.d.r.c.RepositoryConfigurationDelegate : Finished Spring Data repository scanning in 90 ms. Found 1 JPA repository interface.
2026-02-03T01:14:41.491+05:30  INFO 11320 --- [demo] [main] o.s.boot.tomcat.TomcatWebServer          : Tomcat initialized with port 8082 (http)
2026-02-03T01:14:41.506+05:30  INFO 11320 --- [demo] [main] o.apache.catalina.core.StandardService   : Starting service [Tomcat]
2026-02-03T01:14:41.507+05:30  INFO 11320 --- [demo] [main] o.apache.catalina.core.StandardEngine    : Starting Servlet engine: [Apache Tomcat/11.0.15]
2026-02-03T01:14:41.570+05:30  INFO 11320 --- [demo] [main] b.w.c.s.WebApplicationContextInitializer : Root WebApplicationContext: initialization completed in 1900 ms
2026-02-03T01:14:41.639+05:30 DEBUG 11320 --- [demo] [main] c.e.demo.HelperClass.JwtAuthFilter       : Filter 'jwtAuthFilter' configured for use
2026-02-03T01:14:41.812+05:30  INFO 11320 --- [demo] [main] org.hibernate.orm.jpa                    : HHH008540: Processing PersistenceUnitInfo [name: default]
2026-02-03T01:14:41.875+05:30  INFO 11320 --- [demo] [main] org.hibernate.orm.core                   : HHH000001: Hibernate ORM core version 7.2.0.Final
2026-02-03T01:14:42.451+05:30  INFO 11320 --- [demo] [main] o.s.o.j.p.SpringPersistenceUnitInfo      : No LoadTimeWeaver setup: ignoring JPA class transformer
2026-02-03T01:14:42.491+05:30  INFO 11320 --- [demo] [main] com.zaxxer.hikari.HikariDataSource       : HikariPool-1 - Starting...
2026-02-03T01:14:42.733+05:30  INFO 11320 --- [demo] [main] com.zaxxer.hikari.pool.HikariPool        : HikariPool-1 - Added connection org.postgresql.jdbc.PgConnection@44485db
2026-02-03T01:14:42.735+05:30  INFO 11320 --- [demo] [main] com.zaxxer.hikari.HikariDataSource       : HikariPool-1 - Start completed.
2026-02-03T01:14:42.774+05:30  WARN 11320 --- [demo] [main] org.hibernate.orm.deprecation            : HHH90000025: PostgreSQLDialect does not need to be specified explicitly using 'hibernate.dialect' (remove the property setting and it will be selected by default)
2026-02-03T01:14:42.806+05:30  INFO 11320 --- [demo] [main] org.hibernate.orm.connections.pooling    : HHH10001005: Database info:
	Database JDBC URL [jdbc:postgresql://localhost:5432/postgres]
	Database driver: PostgreSQL JDBC Driver
	Database dialect: PostgreSQLDialect
	Database version: 18.1
	Default catalog/schema: postgres/public
	Autocommit mode: undefined/unknown
	Isolation level: READ_COMMITTED [default READ_COMMITTED]
	JDBC fetch size: none
	Pool: DataSourceConnectionProvider
	Minimum pool size: undefined/unknown
	Maximum pool size: undefined/unknown
2026-02-03T01:14:44.542+05:30  INFO 11320 --- [demo] [main] org.hibernate.orm.core                   : HHH000489: No JTA platform available (set 'hibernate.transaction.jta.platform' to enable JTA platform integration)
2026-02-03T01:14:44.600+05:30  INFO 11320 --- [demo] [main] j.LocalContainerEntityManagerFactoryBean : Initialized JPA EntityManagerFactory for persistence unit 'default'
2026-02-03T01:14:44.768+05:30  INFO 11320 --- [demo] [main] o.s.d.j.r.query.QueryEnhancerFactories   : Hibernate is in classpath; If applicable, HQL parser will be used.
2026-02-03T01:14:45.016+05:30  WARN 11320 --- [demo] [main] r$InitializeUserDetailsManagerConfigurer : Found 2 UserDetailsService beans, with names [customerUserDetailsServiceImpl, userDetailsService]. Global Authentication Manager will not use a UserDetailsService for username/password login. Consider publishing a single UserDetailsService bean.
2026-02-03T01:14:45.139+05:30  WARN 11320 --- [demo] [main] JpaBaseConfiguration$JpaWebConfiguration : spring.jpa.open-in-view is enabled by default. Therefore, database queries may be performed during view rendering. Explicitly configure spring.jpa.open-in-view to disable this warning
2026-02-03T01:14:45.920+05:30  INFO 11320 --- [demo] [main] o.s.boot.tomcat.TomcatWebServer          : Tomcat started on port 8082 (http) with context path '/'
2026-02-03T01:14:45.926+05:30  INFO 11320 --- [demo] [main] com.example.demo.DemoApplication         : Started DemoApplication in 7.134 seconds (process running for 7.99)
2026-02-03T01:15:10.641+05:30  INFO 11320 --- [demo] [http-nio-8082-exec-2] o.a.c.c.C.[Tomcat].[localhost].[/]       : Initializing Spring DispatcherServlet 'dispatcherServlet'
2026-02-03T01:15:10.642+05:30  INFO 11320 --- [demo] [http-nio-8082-exec-2] o.s.web.servlet.DispatcherServlet        : Initializing Servlet 'dispatcherServlet'
2026-02-03T01:15:10.644+05:30  INFO 11320 --- [demo] [http-nio-8082-exec-2] o.s.web.servlet.DispatcherServlet        : Completed initialization in 2 ms
2026-02-03T01:15:10.986+05:30  INFO 11320 --- [demo] [http-nio-8082-exec-2] c.e.demo.controller.MainController       : Controller class
2026-02-03T23:27:23.754+05:30  INFO 6556 --- [demo] [main] com.example.demo.DemoApplication         : Starting DemoApplication using Java 21.0.9 with PID 6556 (C:\Users\WELCOME\IdeaProjects\Spring Security\demo\target\classes started by WELCOME in C:\Users\WELCOME\IdeaProjects\Spring Security\demo)
2026-02-03T23:27:23.759+05:30 DEBUG 6556 --- [demo] [main] com.example.demo.DemoApplication         : Running with Spring Boot v4.0.1, Spring v7.0.2
2026-02-03T23:27:23.761+05:30  INFO 6556 --- [demo] [main] com.example.demo.DemoApplication         : No active profile set, falling back to 1 default profile: "default"
2026-02-03T23:27:25.549+05:30  INFO 6556 --- [demo] [main] .s.d.r.c.RepositoryConfigurationDelegate : Bootstrapping Spring Data JPA repositories in DEFAULT mode.
2026-02-03T23:27:25.664+05:30  INFO 6556 --- [demo] [main] .s.d.r.c.RepositoryConfigurationDelegate : Finished Spring Data repository scanning in 87 ms. Found 1 JPA repository interface.
2026-02-03T23:27:26.828+05:30  INFO 6556 --- [demo] [main] o.s.boot.tomcat.TomcatWebServer          : Tomcat initialized with port 8082 (http)
2026-02-03T23:27:26.855+05:30  INFO 6556 --- [demo] [main] o.apache.catalina.core.StandardService   : Starting service [Tomcat]
2026-02-03T23:27:26.856+05:30  INFO 6556 --- [demo] [main] o.apache.catalina.core.StandardEngine    : Starting Servlet engine: [Apache Tomcat/11.0.15]
2026-02-03T23:27:26.938+05:30  INFO 6556 --- [demo] [main] b.w.c.s.WebApplicationContextInitializer : Root WebApplicationContext: initialization completed in 3076 ms
2026-02-03T23:27:26.953+05:30 ERROR 6556 --- [demo] [main] t.s.DeferredServletContainerInitializers : Error starting Tomcat context. Exception: org.springframework.beans.factory.UnsatisfiedDependencyException. Message: Error creating bean with name 'jwtAuthFilter' defined in file [C:\Users\WELCOME\IdeaProjects\Spring Security\demo\target\classes\com\example\demo\HelperClass\JwtAuthFilter.class]: Unsatisfied dependency expressed through constructor parameter 0: Error creating bean with name 'securityConfiguration' defined in file [C:\Users\WELCOME\IdeaProjects\Spring Security\demo\target\classes\com\example\demo\Security\SecurityConfiguration.class]: Unsatisfied dependency expressed through constructor parameter 0: Error creating bean with name 'jwtAuthFilter': Requested bean is currently in creation: Is there an unresolvable circular reference or an asynchronous initialization dependency?
2026-02-03T23:27:26.980+05:30  INFO 6556 --- [demo] [main] o.apache.catalina.core.StandardService   : Stopping service [Tomcat]
2026-02-03T23:27:27.009+05:30  WARN 6556 --- [demo] [main] ConfigServletWebServerApplicationContext : Exception encountered during context initialization - cancelling refresh attempt: org.springframework.context.ApplicationContextException: Unable to start web server
2026-02-03T23:27:27.014+05:30  INFO 6556 --- [demo] [main] .s.b.a.l.ConditionEvaluationReportLogger : 

Error starting ApplicationContext. To display the condition evaluation report re-run your application with 'debug' enabled.
2026-02-03T23:27:27.039+05:30 ERROR 6556 --- [demo] [main] o.s.b.d.LoggingFailureAnalysisReporter   : 

***************************
APPLICATION FAILED TO START
***************************

Description:

The dependencies of some of the beans in the application context form a cycle:

┌─────┐
|  jwtAuthFilter defined in file [C:\Users\WELCOME\IdeaProjects\Spring Security\demo\target\classes\com\example\demo\HelperClass\JwtAuthFilter.class]
↑     ↓
|  securityConfiguration defined in file [C:\Users\WELCOME\IdeaProjects\Spring Security\demo\target\classes\com\example\demo\Security\SecurityConfiguration.class]
└─────┘


Action:

Relying upon circular references is discouraged and they are prohibited by default. Update your application to remove the dependency cycle between beans. As a last resort, it may be possible to break the cycle automatically by setting spring.main.allow-circular-references to true.

2026-02-03T23:29:33.303+05:30  INFO 11340 --- [demo] [main] com.example.demo.DemoApplication         : Starting DemoApplication using Java 21.0.9 with PID 11340 (C:\Users\WELCOME\IdeaProjects\Spring Security\demo\target\classes started by WELCOME in C:\Users\WELCOME\IdeaProjects\Spring Security\demo)
2026-02-03T23:29:33.306+05:30 DEBUG 11340 --- [demo] [main] com.example.demo.DemoApplication         : Running with Spring Boot v4.0.1, Spring v7.0.2
2026-02-03T23:29:33.308+05:30  INFO 11340 --- [demo] [main] com.example.demo.DemoApplication         : No active profile set, falling back to 1 default profile: "default"
2026-02-03T23:29:34.117+05:30  INFO 11340 --- [demo] [main] .s.d.r.c.RepositoryConfigurationDelegate : Bootstrapping Spring Data JPA repositories in DEFAULT mode.
2026-02-03T23:29:34.203+05:30  INFO 11340 --- [demo] [main] .s.d.r.c.RepositoryConfigurationDelegate : Finished Spring Data repository scanning in 74 ms. Found 1 JPA repository interface.
2026-02-03T23:29:34.884+05:30  INFO 11340 --- [demo] [main] o.s.boot.tomcat.TomcatWebServer          : Tomcat initialized with port 8082 (http)
2026-02-03T23:29:34.903+05:30  INFO 11340 --- [demo] [main] o.apache.catalina.core.StandardService   : Starting service [Tomcat]
2026-02-03T23:29:34.904+05:30  INFO 11340 --- [demo] [main] o.apache.catalina.core.StandardEngine    : Starting Servlet engine: [Apache Tomcat/11.0.15]
2026-02-03T23:29:35.129+05:30  INFO 11340 --- [demo] [main] b.w.c.s.WebApplicationContextInitializer : Root WebApplicationContext: initialization completed in 1756 ms
2026-02-03T23:29:35.458+05:30  INFO 11340 --- [demo] [main] org.hibernate.orm.jpa                    : HHH008540: Processing PersistenceUnitInfo [name: default]
2026-02-03T23:29:35.659+05:30  INFO 11340 --- [demo] [main] org.hibernate.orm.core                   : HHH000001: Hibernate ORM core version 7.2.0.Final
2026-02-03T23:29:36.627+05:30  INFO 11340 --- [demo] [main] o.s.o.j.p.SpringPersistenceUnitInfo      : No LoadTimeWeaver setup: ignoring JPA class transformer
2026-02-03T23:29:36.734+05:30  INFO 11340 --- [demo] [main] com.zaxxer.hikari.HikariDataSource       : HikariPool-1 - Starting...
2026-02-03T23:29:37.228+05:30  INFO 11340 --- [demo] [main] com.zaxxer.hikari.pool.HikariPool        : HikariPool-1 - Added connection org.postgresql.jdbc.PgConnection@11295cb1
2026-02-03T23:29:37.231+05:30  INFO 11340 --- [demo] [main] com.zaxxer.hikari.HikariDataSource       : HikariPool-1 - Start completed.
2026-02-03T23:29:37.388+05:30  WARN 11340 --- [demo] [main] org.hibernate.orm.deprecation            : HHH90000025: PostgreSQLDialect does not need to be specified explicitly using 'hibernate.dialect' (remove the property setting and it will be selected by default)
2026-02-03T23:29:37.447+05:30  INFO 11340 --- [demo] [main] org.hibernate.orm.connections.pooling    : HHH10001005: Database info:
	Database JDBC URL [jdbc:postgresql://localhost:5432/postgres]
	Database driver: PostgreSQL JDBC Driver
	Database dialect: PostgreSQLDialect
	Database version: 18.1
	Default catalog/schema: postgres/public
	Autocommit mode: undefined/unknown
	Isolation level: READ_COMMITTED [default READ_COMMITTED]
	JDBC fetch size: none
	Pool: DataSourceConnectionProvider
	Minimum pool size: undefined/unknown
	Maximum pool size: undefined/unknown
2026-02-03T23:29:39.399+05:30  INFO 11340 --- [demo] [main] org.hibernate.orm.core                   : HHH000489: No JTA platform available (set 'hibernate.transaction.jta.platform' to enable JTA platform integration)
2026-02-03T23:29:39.540+05:30  INFO 11340 --- [demo] [main] j.LocalContainerEntityManagerFactoryBean : Initialized JPA EntityManagerFactory for persistence unit 'default'
2026-02-03T23:29:39.768+05:30  INFO 11340 --- [demo] [main] o.s.d.j.r.query.QueryEnhancerFactories   : Hibernate is in classpath; If applicable, HQL parser will be used.
2026-02-03T23:29:40.206+05:30 DEBUG 11340 --- [demo] [main] c.e.demo.HelperClass.JwtAuthFilter       : Filter 'jwtAuthFilter' configured for use
2026-02-03T23:29:40.384+05:30  INFO 11340 --- [demo] [main] r$InitializeUserDetailsManagerConfigurer : Global AuthenticationManager configured with UserDetailsService bean with name customerUserDetailsServiceImpl
2026-02-03T23:29:40.573+05:30  WARN 11340 --- [demo] [main] JpaBaseConfiguration$JpaWebConfiguration : spring.jpa.open-in-view is enabled by default. Therefore, database queries may be performed during view rendering. Explicitly configure spring.jpa.open-in-view to disable this warning
2026-02-03T23:29:41.137+05:30  WARN 11340 --- [demo] [main] ConfigServletWebServerApplicationContext : Exception encountered during context initialization - cancelling refresh attempt: org.springframework.beans.factory.BeanCreationException: Error creating bean with name 'requestMappingHandlerMapping' defined in class path resource [org/springframework/boot/webmvc/autoconfigure/WebMvcAutoConfiguration$EnableWebMvcConfiguration.class]: Ambiguous mapping. Cannot map 'mainController' method 
com.example.demo.controller.MainController#saveUser(TestUser)
to {POST [/demo/adduser]}: There is already 'mainController' bean method
com.example.demo.controller.MainController#addUser(TestUser) mapped.
2026-02-03T23:29:41.139+05:30  INFO 11340 --- [demo] [main] j.LocalContainerEntityManagerFactoryBean : Closing JPA EntityManagerFactory for persistence unit 'default'
2026-02-03T23:29:41.141+05:30  INFO 11340 --- [demo] [main] com.zaxxer.hikari.HikariDataSource       : HikariPool-1 - Shutdown initiated...
2026-02-03T23:29:41.149+05:30  INFO 11340 --- [demo] [main] com.zaxxer.hikari.HikariDataSource       : HikariPool-1 - Shutdown completed.
2026-02-03T23:29:41.154+05:30  INFO 11340 --- [demo] [main] o.apache.catalina.core.StandardService   : Stopping service [Tomcat]
2026-02-03T23:29:41.167+05:30  INFO 11340 --- [demo] [main] .s.b.a.l.ConditionEvaluationReportLogger : 

Error starting ApplicationContext. To display the condition evaluation report re-run your application with 'debug' enabled.
2026-02-03T23:29:41.186+05:30 ERROR 11340 --- [demo] [main] o.s.boot.SpringApplication               : Application run failed

org.springframework.beans.factory.BeanCreationException: Error creating bean with name 'requestMappingHandlerMapping' defined in class path resource [org/springframework/boot/webmvc/autoconfigure/WebMvcAutoConfiguration$EnableWebMvcConfiguration.class]: Ambiguous mapping. Cannot map 'mainController' method 
com.example.demo.controller.MainController#saveUser(TestUser)
to {POST [/demo/adduser]}: There is already 'mainController' bean method
com.example.demo.controller.MainController#addUser(TestUser) mapped.
	at org.springframework.beans.factory.support.AbstractAutowireCapableBeanFactory.initializeBean(AbstractAutowireCapableBeanFactory.java:1817) ~[spring-beans-7.0.2.jar:7.0.2]
	at org.springframework.beans.factory.support.AbstractAutowireCapableBeanFactory.doCreateBean(AbstractAutowireCapableBeanFactory.java:603) ~[spring-beans-7.0.2.jar:7.0.2]
	at org.springframework.beans.factory.support.AbstractAutowireCapableBeanFactory.createBean(AbstractAutowireCapableBeanFactory.java:525) ~[spring-beans-7.0.2.jar:7.0.2]
	at org.springframework.beans.factory.support.AbstractBeanFactory.lambda$doGetBean$0(AbstractBeanFactory.java:333) ~[spring-beans-7.0.2.jar:7.0.2]
	at org.springframework.beans.factory.support.DefaultSingletonBeanRegistry.getSingleton(DefaultSingletonBeanRegistry.java:371) ~[spring-beans-7.0.2.jar:7.0.2]
	at org.springframework.beans.factory.support.AbstractBeanFactory.doGetBean(AbstractBeanFactory.java:331) ~[spring-beans-7.0.2.jar:7.0.2]
	at org.springframework.beans.factory.support.AbstractBeanFactory.getBean(AbstractBeanFactory.java:196) ~[spring-beans-7.0.2.jar:7.0.2]
	at org.springframework.beans.factory.support.DefaultListableBeanFactory.instantiateSingleton(DefaultListableBeanFactory.java:1218) ~[spring-beans-7.0.2.jar:7.0.2]
	at org.springframework.beans.factory.support.DefaultListableBeanFactory.preInstantiateSingleton(DefaultListableBeanFactory.java:1184) ~[spring-beans-7.0.2.jar:7.0.2]
	at org.springframework.beans.factory.support.DefaultListableBeanFactory.preInstantiateSingletons(DefaultListableBeanFactory.java:1121) ~[spring-beans-7.0.2.jar:7.0.2]
	at org.springframework.context.support.AbstractApplicationContext.finishBeanFactoryInitialization(AbstractApplicationContext.java:993) ~[spring-context-7.0.2.jar:7.0.2]
	at org.springframework.context.support.AbstractApplicationContext.refresh(AbstractApplicationContext.java:620) ~[spring-context-7.0.2.jar:7.0.2]
	at org.springframework.boot.web.server.servlet.context.ServletWebServerApplicationContext.refresh(ServletWebServerApplicationContext.java:143) ~[spring-boot-web-server-4.0.1.jar:4.0.1]
	at org.springframework.boot.SpringApplication.refresh(SpringApplication.java:756) ~[spring-boot-4.0.1.jar:4.0.1]
	at org.springframework.boot.SpringApplication.refreshContext(SpringApplication.java:445) ~[spring-boot-4.0.1.jar:4.0.1]
	at org.springframework.boot.SpringApplication.run(SpringApplication.java:321) ~[spring-boot-4.0.1.jar:4.0.1]
	at org.springframework.boot.SpringApplication.run(SpringApplication.java:1365) ~[spring-boot-4.0.1.jar:4.0.1]
	at org.springframework.boot.SpringApplication.run(SpringApplication.java:1354) ~[spring-boot-4.0.1.jar:4.0.1]
	at com.example.demo.DemoApplication.main(DemoApplication.java:12) ~[classes/:na]
Caused by: java.lang.IllegalStateException: Ambiguous mapping. Cannot map 'mainController' method 
com.example.demo.controller.MainController#saveUser(TestUser)
to {POST [/demo/adduser]}: There is already 'mainController' bean method
com.example.demo.controller.MainController#addUser(TestUser) mapped.
	at org.springframework.web.servlet.handler.AbstractHandlerMethodMapping$MappingRegistry.validateMethodMapping(AbstractHandlerMethodMapping.java:645) ~[spring-webmvc-7.0.2.jar:7.0.2]
	at org.springframework.web.servlet.handler.AbstractHandlerMethodMapping$MappingRegistry.register(AbstractHandlerMethodMapping.java:606) ~[spring-webmvc-7.0.2.jar:7.0.2]
	at org.springframework.web.servlet.handler.AbstractHandlerMethodMapping.registerHandlerMethod(AbstractHandlerMethodMapping.java:327) ~[spring-webmvc-7.0.2.jar:7.0.2]
	at org.springframework.web.servlet.mvc.method.annotation.RequestMappingHandlerMapping.registerHandlerMethod(RequestMappingHandlerMapping.java:459) ~[spring-webmvc-7.0.2.jar:7.0.2]
	at org.springframework.web.servlet.mvc.method.annotation.RequestMappingHandlerMapping.registerHandlerMethod(RequestMappingHandlerMapping.java:80) ~[spring-webmvc-7.0.2.jar:7.0.2]
	at org.springframework.web.servlet.handler.AbstractHandlerMethodMapping.lambda$detectHandlerMethods$1(AbstractHandlerMethodMapping.java:294) ~[spring-webmvc-7.0.2.jar:7.0.2]
	at java.base/java.util.LinkedHashMap.forEach(LinkedHashMap.java:986) ~[na:na]
	at org.springframework.web.servlet.handler.AbstractHandlerMethodMapping.detectHandlerMethods(AbstractHandlerMethodMapping.java:292) ~[spring-webmvc-7.0.2.jar:7.0.2]
	at org.springframework.web.servlet.handler.AbstractHandlerMethodMapping.processCandidateBean(AbstractHandlerMethodMapping.java:261) ~[spring-webmvc-7.0.2.jar:7.0.2]
	at org.springframework.web.servlet.handler.AbstractHandlerMethodMapping.initHandlerMethods(AbstractHandlerMethodMapping.java:220) ~[spring-webmvc-7.0.2.jar:7.0.2]
	at org.springframework.web.servlet.handler.AbstractHandlerMethodMapping.afterPropertiesSet(AbstractHandlerMethodMapping.java:208) ~[spring-webmvc-7.0.2.jar:7.0.2]
	at org.springframework.web.servlet.mvc.method.annotation.RequestMappingHandlerMapping.afterPropertiesSet(RequestMappingHandlerMapping.java:158) ~[spring-webmvc-7.0.2.jar:7.0.2]
	at org.springframework.beans.factory.support.AbstractAutowireCapableBeanFactory.invokeInitMethods(AbstractAutowireCapableBeanFactory.java:1864) ~[spring-beans-7.0.2.jar:7.0.2]
	at org.springframework.beans.factory.support.AbstractAutowireCapableBeanFactory.initializeBean(AbstractAutowireCapableBeanFactory.java:1813) ~[spring-beans-7.0.2.jar:7.0.2]
	... 18 common frames omitted

2026-02-03T23:31:27.243+05:30  INFO 14136 --- [demo] [main] com.example.demo.DemoApplication         : Starting DemoApplication using Java 21.0.9 with PID 14136 (C:\Users\WELCOME\IdeaProjects\Spring Security\demo\target\classes started by WELCOME in C:\Users\WELCOME\IdeaProjects\Spring Security\demo)
2026-02-03T23:31:27.247+05:30 DEBUG 14136 --- [demo] [main] com.example.demo.DemoApplication         : Running with Spring Boot v4.0.1, Spring v7.0.2
2026-02-03T23:31:27.248+05:30  INFO 14136 --- [demo] [main] com.example.demo.DemoApplication         : No active profile set, falling back to 1 default profile: "default"
2026-02-03T23:31:28.051+05:30  INFO 14136 --- [demo] [main] .s.d.r.c.RepositoryConfigurationDelegate : Bootstrapping Spring Data JPA repositories in DEFAULT mode.
2026-02-03T23:31:28.136+05:30  INFO 14136 --- [demo] [main] .s.d.r.c.RepositoryConfigurationDelegate : Finished Spring Data repository scanning in 74 ms. Found 1 JPA repository interface.
2026-02-03T23:31:28.809+05:30  INFO 14136 --- [demo] [main] o.s.boot.tomcat.TomcatWebServer          : Tomcat initialized with port 8082 (http)
2026-02-03T23:31:28.824+05:30  INFO 14136 --- [demo] [main] o.apache.catalina.core.StandardService   : Starting service [Tomcat]
2026-02-03T23:31:28.825+05:30  INFO 14136 --- [demo] [main] o.apache.catalina.core.StandardEngine    : Starting Servlet engine: [Apache Tomcat/11.0.15]
2026-02-03T23:31:28.901+05:30  INFO 14136 --- [demo] [main] b.w.c.s.WebApplicationContextInitializer : Root WebApplicationContext: initialization completed in 1588 ms
2026-02-03T23:31:29.074+05:30  INFO 14136 --- [demo] [main] org.hibernate.orm.jpa                    : HHH008540: Processing PersistenceUnitInfo [name: default]
2026-02-03T23:31:29.143+05:30  INFO 14136 --- [demo] [main] org.hibernate.orm.core                   : HHH000001: Hibernate ORM core version 7.2.0.Final
2026-02-03T23:31:29.722+05:30  INFO 14136 --- [demo] [main] o.s.o.j.p.SpringPersistenceUnitInfo      : No LoadTimeWeaver setup: ignoring JPA class transformer
2026-02-03T23:31:29.760+05:30  INFO 14136 --- [demo] [main] com.zaxxer.hikari.HikariDataSource       : HikariPool-1 - Starting...
2026-02-03T23:31:29.968+05:30  INFO 14136 --- [demo] [main] com.zaxxer.hikari.pool.HikariPool        : HikariPool-1 - Added connection org.postgresql.jdbc.PgConnection@11295cb1
2026-02-03T23:31:29.971+05:30  INFO 14136 --- [demo] [main] com.zaxxer.hikari.HikariDataSource       : HikariPool-1 - Start completed.
2026-02-03T23:31:30.011+05:30  WARN 14136 --- [demo] [main] org.hibernate.orm.deprecation            : HHH90000025: PostgreSQLDialect does not need to be specified explicitly using 'hibernate.dialect' (remove the property setting and it will be selected by default)
2026-02-03T23:31:30.044+05:30  INFO 14136 --- [demo] [main] org.hibernate.orm.connections.pooling    : HHH10001005: Database info:
	Database JDBC URL [jdbc:postgresql://localhost:5432/postgres]
	Database driver: PostgreSQL JDBC Driver
	Database dialect: PostgreSQLDialect
	Database version: 18.1
	Default catalog/schema: postgres/public
	Autocommit mode: undefined/unknown
	Isolation level: READ_COMMITTED [default READ_COMMITTED]
	JDBC fetch size: none
	Pool: DataSourceConnectionProvider
	Minimum pool size: undefined/unknown
	Maximum pool size: undefined/unknown
2026-02-03T23:31:31.362+05:30  INFO 14136 --- [demo] [main] org.hibernate.orm.core                   : HHH000489: No JTA platform available (set 'hibernate.transaction.jta.platform' to enable JTA platform integration)
2026-02-03T23:31:31.418+05:30  INFO 14136 --- [demo] [main] j.LocalContainerEntityManagerFactoryBean : Initialized JPA EntityManagerFactory for persistence unit 'default'
2026-02-03T23:31:31.525+05:30  INFO 14136 --- [demo] [main] o.s.d.j.r.query.QueryEnhancerFactories   : Hibernate is in classpath; If applicable, HQL parser will be used.
2026-02-03T23:31:31.789+05:30 DEBUG 14136 --- [demo] [main] c.e.demo.HelperClass.JwtAuthFilter       : Filter 'jwtAuthFilter' configured for use
2026-02-03T23:31:31.863+05:30  INFO 14136 --- [demo] [main] r$InitializeUserDetailsManagerConfigurer : Global AuthenticationManager configured with UserDetailsService bean with name customerUserDetailsServiceImpl
2026-02-03T23:31:31.939+05:30  WARN 14136 --- [demo] [main] JpaBaseConfiguration$JpaWebConfiguration : spring.jpa.open-in-view is enabled by default. Therefore, database queries may be performed during view rendering. Explicitly configure spring.jpa.open-in-view to disable this warning
2026-02-03T23:31:32.872+05:30  INFO 14136 --- [demo] [main] o.s.boot.tomcat.TomcatWebServer          : Tomcat started on port 8082 (http) with context path '/'
2026-02-03T23:31:32.878+05:30  INFO 14136 --- [demo] [main] com.example.demo.DemoApplication         : Started DemoApplication in 6.392 seconds (process running for 7.314)
2026-02-03T23:33:05.139+05:30  INFO 14136 --- [demo] [http-nio-8082-exec-2] o.a.c.c.C.[Tomcat].[localhost].[/]       : Initializing Spring DispatcherServlet 'dispatcherServlet'
2026-02-03T23:33:05.140+05:30  INFO 14136 --- [demo] [http-nio-8082-exec-2] o.s.web.servlet.DispatcherServlet        : Initializing Servlet 'dispatcherServlet'
2026-02-03T23:33:05.142+05:30  INFO 14136 --- [demo] [http-nio-8082-exec-2] o.s.web.servlet.DispatcherServlet        : Completed initialization in 2 ms
2026-02-03T23:36:23.812+05:30  INFO 14136 --- [demo] [SpringApplicationShutdownHook] o.s.boot.tomcat.GracefulShutdown         : Commencing graceful shutdown. Waiting for active requests to complete
2026-02-03T23:36:23.819+05:30  INFO 14136 --- [demo] [tomcat-shutdown] o.s.boot.tomcat.GracefulShutdown         : Graceful shutdown complete
2026-02-03T23:36:23.826+05:30  INFO 14136 --- [demo] [SpringApplicationShutdownHook] j.LocalContainerEntityManagerFactoryBean : Closing JPA EntityManagerFactory for persistence unit 'default'
2026-02-03T23:36:23.830+05:30  INFO 14136 --- [demo] [SpringApplicationShutdownHook] com.zaxxer.hikari.HikariDataSource       : HikariPool-1 - Shutdown initiated...
2026-02-03T23:36:23.854+05:30  INFO 14136 --- [demo] [SpringApplicationShutdownHook] com.zaxxer.hikari.HikariDataSource       : HikariPool-1 - Shutdown completed.
2026-02-03T23:36:31.440+05:30  INFO 4968 --- [demo] [main] com.example.demo.DemoApplication         : Starting DemoApplication using Java 21.0.9 with PID 4968 (C:\Users\WELCOME\IdeaProjects\Spring Security\demo\target\classes started by WELCOME in C:\Users\WELCOME\IdeaProjects\Spring Security\demo)
2026-02-03T23:36:31.445+05:30 DEBUG 4968 --- [demo] [main] com.example.demo.DemoApplication         : Running with Spring Boot v4.0.1, Spring v7.0.2
2026-02-03T23:36:31.446+05:30  INFO 4968 --- [demo] [main] com.example.demo.DemoApplication         : No active profile set, falling back to 1 default profile: "default"
2026-02-03T23:36:32.279+05:30  INFO 4968 --- [demo] [main] .s.d.r.c.RepositoryConfigurationDelegate : Bootstrapping Spring Data JPA repositories in DEFAULT mode.
2026-02-03T23:36:32.364+05:30  INFO 4968 --- [demo] [main] .s.d.r.c.RepositoryConfigurationDelegate : Finished Spring Data repository scanning in 75 ms. Found 1 JPA repository interface.
2026-02-03T23:36:33.059+05:30  INFO 4968 --- [demo] [main] o.s.boot.tomcat.TomcatWebServer          : Tomcat initialized with port 8082 (http)
2026-02-03T23:36:33.074+05:30  INFO 4968 --- [demo] [main] o.apache.catalina.core.StandardService   : Starting service [Tomcat]
2026-02-03T23:36:33.075+05:30  INFO 4968 --- [demo] [main] o.apache.catalina.core.StandardEngine    : Starting Servlet engine: [Apache Tomcat/11.0.15]
2026-02-03T23:36:33.136+05:30  INFO 4968 --- [demo] [main] b.w.c.s.WebApplicationContextInitializer : Root WebApplicationContext: initialization completed in 1614 ms
2026-02-03T23:36:33.308+05:30  INFO 4968 --- [demo] [main] org.hibernate.orm.jpa                    : HHH008540: Processing PersistenceUnitInfo [name: default]
2026-02-03T23:36:33.372+05:30  INFO 4968 --- [demo] [main] org.hibernate.orm.core                   : HHH000001: Hibernate ORM core version 7.2.0.Final
2026-02-03T23:36:33.960+05:30  INFO 4968 --- [demo] [main] o.s.o.j.p.SpringPersistenceUnitInfo      : No LoadTimeWeaver setup: ignoring JPA class transformer
2026-02-03T23:36:33.999+05:30  INFO 4968 --- [demo] [main] com.zaxxer.hikari.HikariDataSource       : HikariPool-1 - Starting...
2026-02-03T23:36:34.188+05:30  INFO 4968 --- [demo] [main] com.zaxxer.hikari.pool.HikariPool        : HikariPool-1 - Added connection org.postgresql.jdbc.PgConnection@11295cb1
2026-02-03T23:36:34.191+05:30  INFO 4968 --- [demo] [main] com.zaxxer.hikari.HikariDataSource       : HikariPool-1 - Start completed.
2026-02-03T23:36:34.232+05:30  WARN 4968 --- [demo] [main] org.hibernate.orm.deprecation            : HHH90000025: PostgreSQLDialect does not need to be specified explicitly using 'hibernate.dialect' (remove the property setting and it will be selected by default)
2026-02-03T23:36:34.262+05:30  INFO 4968 --- [demo] [main] org.hibernate.orm.connections.pooling    : HHH10001005: Database info:
	Database JDBC URL [jdbc:postgresql://localhost:5432/postgres]
	Database driver: PostgreSQL JDBC Driver
	Database dialect: PostgreSQLDialect
	Database version: 18.1
	Default catalog/schema: postgres/public
	Autocommit mode: undefined/unknown
	Isolation level: READ_COMMITTED [default READ_COMMITTED]
	JDBC fetch size: none
	Pool: DataSourceConnectionProvider
	Minimum pool size: undefined/unknown
	Maximum pool size: undefined/unknown
2026-02-03T23:36:35.577+05:30  INFO 4968 --- [demo] [main] org.hibernate.orm.core                   : HHH000489: No JTA platform available (set 'hibernate.transaction.jta.platform' to enable JTA platform integration)
2026-02-03T23:36:35.632+05:30  INFO 4968 --- [demo] [main] j.LocalContainerEntityManagerFactoryBean : Initialized JPA EntityManagerFactory for persistence unit 'default'
2026-02-03T23:36:35.739+05:30  INFO 4968 --- [demo] [main] o.s.d.j.r.query.QueryEnhancerFactories   : Hibernate is in classpath; If applicable, HQL parser will be used.
2026-02-03T23:36:36.009+05:30 DEBUG 4968 --- [demo] [main] c.e.demo.HelperClass.JwtAuthFilter       : Filter 'jwtAuthFilter' configured for use
2026-02-03T23:36:36.086+05:30  INFO 4968 --- [demo] [main] r$InitializeUserDetailsManagerConfigurer : Global AuthenticationManager configured with UserDetailsService bean with name customerUserDetailsServiceImpl
2026-02-03T23:36:36.161+05:30  WARN 4968 --- [demo] [main] JpaBaseConfiguration$JpaWebConfiguration : spring.jpa.open-in-view is enabled by default. Therefore, database queries may be performed during view rendering. Explicitly configure spring.jpa.open-in-view to disable this warning
2026-02-03T23:36:36.833+05:30  INFO 4968 --- [demo] [main] o.s.boot.tomcat.TomcatWebServer          : Tomcat started on port 8082 (http) with context path '/'
2026-02-03T23:36:36.839+05:30  INFO 4968 --- [demo] [main] com.example.demo.DemoApplication         : Started DemoApplication in 6.174 seconds (process running for 7.355)
2026-02-03T23:36:46.168+05:30  INFO 4968 --- [demo] [http-nio-8082-exec-2] o.a.c.c.C.[Tomcat].[localhost].[/]       : Initializing Spring DispatcherServlet 'dispatcherServlet'
2026-02-03T23:36:46.169+05:30  INFO 4968 --- [demo] [http-nio-8082-exec-2] o.s.web.servlet.DispatcherServlet        : Initializing Servlet 'dispatcherServlet'
2026-02-03T23:36:46.172+05:30  INFO 4968 --- [demo] [http-nio-8082-exec-2] o.s.web.servlet.DispatcherServlet        : Completed initialization in 3 ms
2026-02-03T23:41:56.850+05:30  INFO 4968 --- [demo] [SpringApplicationShutdownHook] o.s.boot.tomcat.GracefulShutdown         : Commencing graceful shutdown. Waiting for active requests to complete
2026-02-03T23:41:56.858+05:30  INFO 4968 --- [demo] [tomcat-shutdown] o.s.boot.tomcat.GracefulShutdown         : Graceful shutdown complete
2026-02-03T23:41:56.863+05:30  INFO 4968 --- [demo] [SpringApplicationShutdownHook] j.LocalContainerEntityManagerFactoryBean : Closing JPA EntityManagerFactory for persistence unit 'default'
2026-02-03T23:41:56.867+05:30  INFO 4968 --- [demo] [SpringApplicationShutdownHook] com.zaxxer.hikari.HikariDataSource       : HikariPool-1 - Shutdown initiated...
2026-02-03T23:41:56.887+05:30  INFO 4968 --- [demo] [SpringApplicationShutdownHook] com.zaxxer.hikari.HikariDataSource       : HikariPool-1 - Shutdown completed.
2026-02-03T23:42:03.974+05:30  INFO 3768 --- [demo] [main] com.example.demo.DemoApplication         : Starting DemoApplication using Java 21.0.9 with PID 3768 (C:\Users\WELCOME\IdeaProjects\Spring Security\demo\target\classes started by WELCOME in C:\Users\WELCOME\IdeaProjects\Spring Security\demo)
2026-02-03T23:42:03.977+05:30 DEBUG 3768 --- [demo] [main] com.example.demo.DemoApplication         : Running with Spring Boot v4.0.1, Spring v7.0.2
2026-02-03T23:42:03.978+05:30  INFO 3768 --- [demo] [main] com.example.demo.DemoApplication         : No active profile set, falling back to 1 default profile: "default"
2026-02-03T23:42:05.381+05:30  INFO 3768 --- [demo] [main] .s.d.r.c.RepositoryConfigurationDelegate : Bootstrapping Spring Data JPA repositories in DEFAULT mode.
2026-02-03T23:42:05.469+05:30  INFO 3768 --- [demo] [main] .s.d.r.c.RepositoryConfigurationDelegate : Finished Spring Data repository scanning in 76 ms. Found 1 JPA repository interface.
2026-02-03T23:42:06.174+05:30  INFO 3768 --- [demo] [main] o.s.boot.tomcat.TomcatWebServer          : Tomcat initialized with port 8082 (http)
2026-02-03T23:42:06.190+05:30  INFO 3768 --- [demo] [main] o.apache.catalina.core.StandardService   : Starting service [Tomcat]
2026-02-03T23:42:06.191+05:30  INFO 3768 --- [demo] [main] o.apache.catalina.core.StandardEngine    : Starting Servlet engine: [Apache Tomcat/11.0.15]
2026-02-03T23:42:06.261+05:30  INFO 3768 --- [demo] [main] b.w.c.s.WebApplicationContextInitializer : Root WebApplicationContext: initialization completed in 2220 ms
2026-02-03T23:42:06.436+05:30  INFO 3768 --- [demo] [main] org.hibernate.orm.jpa                    : HHH008540: Processing PersistenceUnitInfo [name: default]
2026-02-03T23:42:06.502+05:30  INFO 3768 --- [demo] [main] org.hibernate.orm.core                   : HHH000001: Hibernate ORM core version 7.2.0.Final
2026-02-03T23:42:07.108+05:30  INFO 3768 --- [demo] [main] o.s.o.j.p.SpringPersistenceUnitInfo      : No LoadTimeWeaver setup: ignoring JPA class transformer
2026-02-03T23:42:07.149+05:30  INFO 3768 --- [demo] [main] com.zaxxer.hikari.HikariDataSource       : HikariPool-1 - Starting...
2026-02-03T23:42:07.352+05:30  INFO 3768 --- [demo] [main] com.zaxxer.hikari.pool.HikariPool        : HikariPool-1 - Added connection org.postgresql.jdbc.PgConnection@5daad59a
2026-02-03T23:42:07.355+05:30  INFO 3768 --- [demo] [main] com.zaxxer.hikari.HikariDataSource       : HikariPool-1 - Start completed.
2026-02-03T23:42:07.398+05:30  WARN 3768 --- [demo] [main] org.hibernate.orm.deprecation            : HHH90000025: PostgreSQLDialect does not need to be specified explicitly using 'hibernate.dialect' (remove the property setting and it will be selected by default)
2026-02-03T23:42:07.428+05:30  INFO 3768 --- [demo] [main] org.hibernate.orm.connections.pooling    : HHH10001005: Database info:
	Database JDBC URL [jdbc:postgresql://localhost:5432/postgres]
	Database driver: PostgreSQL JDBC Driver
	Database dialect: PostgreSQLDialect
	Database version: 18.1
	Default catalog/schema: postgres/public
	Autocommit mode: undefined/unknown
	Isolation level: READ_COMMITTED [default READ_COMMITTED]
	JDBC fetch size: none
	Pool: DataSourceConnectionProvider
	Minimum pool size: undefined/unknown
	Maximum pool size: undefined/unknown
2026-02-03T23:42:08.835+05:30  INFO 3768 --- [demo] [main] org.hibernate.orm.core                   : HHH000489: No JTA platform available (set 'hibernate.transaction.jta.platform' to enable JTA platform integration)
2026-02-03T23:42:08.891+05:30  INFO 3768 --- [demo] [main] j.LocalContainerEntityManagerFactoryBean : Initialized JPA EntityManagerFactory for persistence unit 'default'
2026-02-03T23:42:08.996+05:30  INFO 3768 --- [demo] [main] o.s.d.j.r.query.QueryEnhancerFactories   : Hibernate is in classpath; If applicable, HQL parser will be used.
2026-02-03T23:42:09.269+05:30 DEBUG 3768 --- [demo] [main] c.e.demo.HelperClass.JwtAuthFilter       : Filter 'jwtAuthFilter' configured for use
2026-02-03T23:42:09.343+05:30  INFO 3768 --- [demo] [main] r$InitializeUserDetailsManagerConfigurer : Global AuthenticationManager configured with UserDetailsService bean with name customerUserDetailsServiceImpl
2026-02-03T23:42:09.419+05:30  WARN 3768 --- [demo] [main] JpaBaseConfiguration$JpaWebConfiguration : spring.jpa.open-in-view is enabled by default. Therefore, database queries may be performed during view rendering. Explicitly configure spring.jpa.open-in-view to disable this warning
2026-02-03T23:42:10.095+05:30  INFO 3768 --- [demo] [main] o.s.boot.tomcat.TomcatWebServer          : Tomcat started on port 8082 (http) with context path '/'
2026-02-03T23:42:10.100+05:30  INFO 3768 --- [demo] [main] com.example.demo.DemoApplication         : Started DemoApplication in 6.825 seconds (process running for 7.673)
2026-02-03T23:42:12.292+05:30  INFO 3768 --- [demo] [http-nio-8082-exec-1] o.a.c.c.C.[Tomcat].[localhost].[/]       : Initializing Spring DispatcherServlet 'dispatcherServlet'
2026-02-03T23:42:12.293+05:30  INFO 3768 --- [demo] [http-nio-8082-exec-1] o.s.web.servlet.DispatcherServlet        : Initializing Servlet 'dispatcherServlet'
2026-02-03T23:42:12.295+05:30  INFO 3768 --- [demo] [http-nio-8082-exec-1] o.s.web.servlet.DispatcherServlet        : Completed initialization in 2 ms
